Arguments: 
  /usr/local/bin/node /usr/local/bin/yarn add @tarojs/taro-h5/dist/taroApis --silent --no-progress

PATH: 
  /usr/local/lib/node_modules/npm/node_modules/npm-lifecycle/node-gyp-bin:/Users/yxl/project/myProject/cloneDemo/taroMobx/node_modules/.bin:/usr/local/lib/node_modules/npm/node_modules/npm-lifecycle/node-gyp-bin:/Users/yxl/project/myProject/cloneDemo/taroMobx/node_modules/.bin:/app/flutter/bin:/usr/local/bin:/usr/bin:/bin:/usr/sbin:/sbin:/app/flutter/bin

Yarn version: 
  1.13.0

Node version: 
  10.10.0

Platform: 
  darwin x64

Trace: 
  Error: https://r.cnpmjs.org/@tarojs%2ftaro-h5/dist/taroApis: [not_found] document not found
      at Request.params.callback [as _callback] (/usr/local/lib/node_modules/yarn/lib/cli.js:66255:18)
      at Request.self.callback (/usr/local/lib/node_modules/yarn/lib/cli.js:129397:22)
      at Request.emit (events.js:182:13)
      at Request.<anonymous> (/usr/local/lib/node_modules/yarn/lib/cli.js:130369:10)
      at Request.emit (events.js:182:13)
      at Gunzip.<anonymous> (/usr/local/lib/node_modules/yarn/lib/cli.js:130291:12)
      at Object.onceWrapper (events.js:273:13)
      at Gunzip.emit (events.js:187:15)
      at endReadableNT (_stream_readable.js:1092:12)
      at process._tickCallback (internal/process/next_tick.js:63:19)

npm manifest: 
  {
    "name": "myApp",
    "version": "1.0.0",
    "private": true,
    "description": "",
    "templateInfo": {
      "name": "default",
      "typescript": false,
      "css": "sass"
    },
    "scripts": {
      "build:weapp": "taro build --type weapp",
      "build:swan": "taro build --type swan",
      "build:alipay": "taro build --type alipay",
      "build:tt": "taro build --type tt",
      "build:h5": "taro build --type h5",
      "build:rn": "taro build --type rn",
      "build:qq": "taro build --type qq",
      "build:quickapp": "taro build --type quickapp",
      "dev:weapp": "npm run build:weapp -- --watch",
      "dev:swan": "npm run build:swan -- --watch",
      "dev:alipay": "npm run build:alipay -- --watch",
      "dev:tt": "npm run build:tt -- --watch",
      "dev:h5": "npm run build:h5 -- --watch",
      "dev:rn": "npm run build:rn -- --watch",
      "dev:qq": "npm run build:qq -- --watch",
      "dev:quickapp": "npm run build:quickapp -- --watch"
    },
    "author": "",
    "license": "MIT",
    "dependencies": {
      "@tarojs/async-await": "^1.3.19",
      "@tarojs/components": "1.3.19",
      "@tarojs/mobx": "^1.3.19",
      "@tarojs/mobx-h5": "^1.3.19",
      "@tarojs/router": "1.3.19",
      "@tarojs/taro": "1.3.19",
      "@tarojs/taro-alipay": "1.3.19",
      "@tarojs/taro-h5": "1.3.19",
      "@tarojs/taro-qq": "1.3.19",
      "@tarojs/taro-quickapp": "1.3.19",
      "@tarojs/taro-swan": "1.3.19",
      "@tarojs/taro-tt": "1.3.19",
      "@tarojs/taro-weapp": "1.3.19",
      "mobx": "^5.13.0",
      "nerv-devtools": "^1.4.0",
      "nervjs": "^1.4.0"
    },
    "devDependencies": {
      "@types/react": "^16.4.6",
      "@types/webpack-env": "^1.13.6",
      "@tarojs/plugin-babel": "1.3.19",
      "@tarojs/plugin-csso": "1.3.19",
      "@tarojs/plugin-sass": "1.3.19",
      "@tarojs/plugin-uglifyjs": "1.3.19",
      "@tarojs/webpack-runner": "1.3.19",
      "babel-plugin-transform-class-properties": "^6.24.1",
      "babel-plugin-transform-decorators-legacy": "^1.3.4",
      "babel-plugin-transform-jsx-stylesheet": "^0.6.5",
      "babel-plugin-transform-object-rest-spread": "^6.26.0",
      "babel-preset-env": "^1.6.1",
      "babel-eslint": "^8.2.3",
      "eslint": "^5.16.0",
      "eslint-config-taro": "1.3.19",
      "eslint-plugin-react": "^7.8.2",
      "eslint-plugin-react-hooks": "^1.6.1",
      "eslint-plugin-import": "^2.12.0",
      "stylelint": "9.3.0",
      "stylelint-config-taro-rn": "1.3.19",
      "stylelint-taro-rn": "1.3.19",
      "eslint-plugin-taro": "1.3.19"
    }
  }

yarn manifest: 
  No manifest

Lockfile: 
  No lockfile
